<?xml version="1.0" encoding="UTF-8"?>
<coverage generated="1686614478187" clover="3.2.0">
  <project timestamp="1686614478187" name="All files">
    <metrics statements="236" coveredstatements="236" conditionals="64" coveredconditionals="64" methods="56" coveredmethods="56" elements="356" coveredelements="356" complexity="0" loc="236" ncloc="236" packages="1" files="4" classes="4"/>
    <file name="goal.ts" path="C:\Users\Hamish\OneDrive - Ara Institute of Canterbury\Documents\2023\BCDE211\Ass3\v3 TypeScript\code\model\goal.ts">
      <metrics statements="16" coveredstatements="16" conditionals="5" coveredconditionals="5" methods="3" coveredmethods="3"/>
      <line num="1" count="1" type="stmt"/>
      <line num="14" count="205" type="stmt"/>
      <line num="15" count="205" type="stmt"/>
      <line num="16" count="205" type="stmt"/>
      <line num="17" count="205" type="stmt"/>
      <line num="18" count="205" type="stmt"/>
      <line num="19" count="205" type="stmt"/>
      <line num="20" count="205" type="stmt"/>
      <line num="21" count="205" type="stmt"/>
      <line num="22" count="205" type="stmt"/>
      <line num="23" count="205" type="stmt"/>
      <line num="28" count="321" type="cond" truecount="1" falsecount="0"/>
      <line num="29" count="210" type="stmt"/>
      <line num="30" count="210" type="stmt"/>
      <line num="36" count="3" type="cond" truecount="3" falsecount="0"/>
      <line num="37" count="3" type="stmt"/>
    </file>
    <file name="triathlon.ts" path="C:\Users\Hamish\OneDrive - Ara Institute of Canterbury\Documents\2023\BCDE211\Ass3\v3 TypeScript\code\model\triathlon.ts">
      <metrics statements="45" coveredstatements="45" conditionals="6" coveredconditionals="6" methods="12" coveredmethods="12"/>
      <line num="1" count="1" type="stmt"/>
      <line num="3" count="1" type="stmt"/>
      <line num="8" count="75" type="stmt"/>
      <line num="9" count="75" type="stmt"/>
      <line num="14" count="75" type="cond" truecount="4" falsecount="0"/>
      <line num="15" count="74" type="stmt"/>
      <line num="16" count="74" type="stmt"/>
      <line num="17" count="74" type="stmt"/>
      <line num="18" count="74" type="stmt"/>
      <line num="19" count="74" type="stmt"/>
      <line num="20" count="74" type="stmt"/>
      <line num="21" count="74" type="stmt"/>
      <line num="22" count="74" type="stmt"/>
      <line num="24" count="1" type="stmt"/>
      <line num="30" count="4" type="stmt"/>
      <line num="31" count="4" type="stmt"/>
      <line num="32" count="4" type="cond" truecount="1" falsecount="0"/>
      <line num="33" count="1" type="stmt"/>
      <line num="35" count="3" type="stmt"/>
      <line num="36" count="3" type="stmt"/>
      <line num="37" count="3" type="stmt"/>
      <line num="38" count="3" type="stmt"/>
      <line num="40" count="1" type="stmt"/>
      <line num="41" count="1" type="stmt"/>
      <line num="47" count="1" type="stmt"/>
      <line num="48" count="1" type="stmt"/>
      <line num="53" count="2" type="stmt"/>
      <line num="58" count="1" type="stmt"/>
      <line num="60" count="1" type="cond" truecount="1" falsecount="0"/>
      <line num="61" count="1" type="stmt"/>
      <line num="63" count="1" type="stmt"/>
      <line num="64" count="1" type="stmt"/>
      <line num="65" count="1" type="stmt"/>
      <line num="66" count="1" type="stmt"/>
      <line num="67" count="1" type="stmt"/>
      <line num="68" count="1" type="stmt"/>
      <line num="69" count="2" type="stmt"/>
      <line num="72" count="1" type="stmt"/>
      <line num="73" count="1" type="stmt"/>
      <line num="76" count="1" type="stmt"/>
      <line num="77" count="1" type="stmt"/>
      <line num="78" count="2" type="stmt"/>
      <line num="81" count="1" type="stmt"/>
      <line num="82" count="1" type="stmt"/>
      <line num="85" count="1" type="stmt"/>
    </file>
    <file name="user.ts" path="C:\Users\Hamish\OneDrive - Ara Institute of Canterbury\Documents\2023\BCDE211\Ass3\v3 TypeScript\code\model\user.ts">
      <metrics statements="170" coveredstatements="170" conditionals="52" coveredconditionals="52" methods="40" coveredmethods="40"/>
      <line num="2" count="1" type="stmt"/>
      <line num="3" count="1" type="stmt"/>
      <line num="5" count="1" type="stmt"/>
      <line num="17" count="75" type="stmt"/>
      <line num="18" count="75" type="stmt"/>
      <line num="19" count="75" type="stmt"/>
      <line num="20" count="75" type="stmt"/>
      <line num="21" count="75" type="stmt"/>
      <line num="22" count="75" type="stmt"/>
      <line num="23" count="75" type="stmt"/>
      <line num="24" count="75" type="stmt"/>
      <line num="25" count="75" type="stmt"/>
      <line num="31" count="300" type="stmt"/>
      <line num="32" count="300" type="cond" truecount="5" falsecount="0"/>
      <line num="33" count="299" type="stmt"/>
      <line num="34" count="299" type="stmt"/>
      <line num="35" count="299" type="stmt"/>
      <line num="36" count="321" type="stmt"/>
      <line num="38" count="299" type="stmt"/>
      <line num="39" count="299" type="stmt"/>
      <line num="41" count="1" type="stmt"/>
      <line num="44" count="1" type="stmt"/>
      <line num="45" count="1" type="stmt"/>
      <line num="51" count="13" type="stmt"/>
      <line num="52" count="13" type="stmt"/>
      <line num="53" count="13" type="cond" truecount="2" falsecount="0"/>
      <line num="54" count="1" type="stmt"/>
      <line num="56" count="12" type="stmt"/>
      <line num="57" count="12" type="stmt"/>
      <line num="58" count="12" type="stmt"/>
      <line num="59" count="12" type="stmt"/>
      <line num="62" count="1" type="stmt"/>
      <line num="63" count="1" type="stmt"/>
      <line num="70" count="12" type="stmt"/>
      <line num="71" count="14" type="stmt"/>
      <line num="72" count="12" type="cond" truecount="1" falsecount="0"/>
      <line num="73" count="1" type="stmt"/>
      <line num="75" count="11" type="stmt"/>
      <line num="76" count="11" type="stmt"/>
      <line num="77" count="11" type="stmt"/>
      <line num="78" count="11" type="stmt"/>
      <line num="79" count="11" type="stmt"/>
      <line num="80" count="11" type="stmt"/>
      <line num="81" count="11" type="stmt"/>
      <line num="82" count="11" type="stmt"/>
      <line num="85" count="1" type="stmt"/>
      <line num="86" count="1" type="stmt"/>
      <line num="91" count="1" type="stmt"/>
      <line num="97" count="18" type="stmt"/>
      <line num="98" count="19" type="stmt"/>
      <line num="99" count="18" type="cond" truecount="1" falsecount="0"/>
      <line num="100" count="1" type="stmt"/>
      <line num="102" count="17" type="stmt"/>
      <line num="103" count="17" type="stmt"/>
      <line num="104" count="17" type="stmt"/>
      <line num="105" count="7" type="stmt"/>
      <line num="107" count="17" type="stmt"/>
      <line num="108" count="17" type="cond" truecount="2" falsecount="0"/>
      <line num="109" count="17" type="cond" truecount="2" falsecount="0"/>
      <line num="110" count="11" type="stmt"/>
      <line num="112" count="6" type="stmt"/>
      <line num="113" count="7" type="cond" truecount="2" falsecount="0"/>
      <line num="114" count="6" type="stmt"/>
      <line num="117" count="12" type="stmt"/>
      <line num="118" count="12" type="stmt"/>
      <line num="125" count="6" type="stmt"/>
      <line num="126" count="6" type="stmt"/>
      <line num="127" count="6" type="cond" truecount="1" falsecount="0"/>
      <line num="128" count="18" type="stmt"/>
      <line num="130" count="6" type="cond" truecount="1" falsecount="0"/>
      <line num="131" count="27" type="stmt"/>
      <line num="133" count="6" type="cond" truecount="1" falsecount="0"/>
      <line num="134" count="27" type="stmt"/>
      <line num="136" count="6" type="cond" truecount="1" falsecount="0"/>
      <line num="137" count="1" type="stmt"/>
      <line num="139" count="5" type="stmt"/>
      <line num="140" count="24" type="stmt"/>
      <line num="142" count="5" type="stmt"/>
      <line num="143" count="5" type="stmt"/>
      <line num="146" count="1" type="stmt"/>
      <line num="147" count="1" type="stmt"/>
      <line num="153" count="3" type="stmt"/>
      <line num="154" count="3" type="cond" truecount="2" falsecount="0"/>
      <line num="155" count="1" type="stmt"/>
      <line num="157" count="2" type="stmt"/>
      <line num="159" count="3" type="stmt"/>
      <line num="164" count="204" type="stmt"/>
      <line num="165" count="204" type="stmt"/>
      <line num="166" count="204" type="stmt"/>
      <line num="167" count="204" type="stmt"/>
      <line num="172" count="4" type="stmt"/>
      <line num="173" count="4" type="stmt"/>
      <line num="174" count="4" type="cond" truecount="1" falsecount="0"/>
      <line num="175" count="1" type="stmt"/>
      <line num="177" count="3" type="stmt"/>
      <line num="178" count="3" type="stmt"/>
      <line num="179" count="3" type="stmt"/>
      <line num="180" count="3" type="stmt"/>
      <line num="182" count="1" type="stmt"/>
      <line num="183" count="1" type="stmt"/>
      <line num="188" count="4" type="stmt"/>
      <line num="193" count="9" type="stmt"/>
      <line num="194" count="11" type="stmt"/>
      <line num="195" count="9" type="cond" truecount="1" falsecount="0"/>
      <line num="196" count="1" type="stmt"/>
      <line num="198" count="8" type="stmt"/>
      <line num="199" count="8" type="stmt"/>
      <line num="200" count="8" type="stmt"/>
      <line num="201" count="8" type="stmt"/>
      <line num="202" count="8" type="stmt"/>
      <line num="203" count="8" type="stmt"/>
      <line num="204" count="8" type="stmt"/>
      <line num="205" count="8" type="stmt"/>
      <line num="206" count="8" type="stmt"/>
      <line num="209" count="1" type="stmt"/>
      <line num="210" count="1" type="stmt"/>
      <line num="216" count="8" type="stmt"/>
      <line num="217" count="9" type="stmt"/>
      <line num="218" count="8" type="cond" truecount="1" falsecount="0"/>
      <line num="219" count="1" type="stmt"/>
      <line num="221" count="7" type="stmt"/>
      <line num="222" count="7" type="stmt"/>
      <line num="223" count="7" type="stmt"/>
      <line num="224" count="5" type="stmt"/>
      <line num="226" count="7" type="stmt"/>
      <line num="227" count="7" type="cond" truecount="2" falsecount="0"/>
      <line num="228" count="7" type="cond" truecount="2" falsecount="0"/>
      <line num="229" count="3" type="stmt"/>
      <line num="231" count="4" type="stmt"/>
      <line num="232" count="5" type="cond" truecount="2" falsecount="0"/>
      <line num="233" count="4" type="stmt"/>
      <line num="236" count="4" type="stmt"/>
      <line num="237" count="4" type="stmt"/>
      <line num="243" count="2" type="stmt"/>
      <line num="244" count="5" type="stmt"/>
      <line num="245" count="2" type="cond" truecount="1" falsecount="0"/>
      <line num="246" count="1" type="stmt"/>
      <line num="248" count="1" type="stmt"/>
      <line num="249" count="1" type="stmt"/>
      <line num="250" count="1" type="stmt"/>
      <line num="251" count="1" type="stmt"/>
      <line num="253" count="1" type="stmt"/>
      <line num="254" count="1" type="stmt"/>
      <line num="260" count="6" type="stmt"/>
      <line num="261" count="6" type="cond" truecount="2" falsecount="0"/>
      <line num="262" count="2" type="stmt"/>
      <line num="263" count="4" type="cond" truecount="2" falsecount="0"/>
      <line num="264" count="3" type="stmt"/>
      <line num="266" count="1" type="stmt"/>
      <line num="268" count="88" type="stmt"/>
      <line num="273" count="72" type="stmt"/>
      <line num="279" count="5" type="stmt"/>
      <line num="280" count="5" type="cond" truecount="1" falsecount="0"/>
      <line num="281" count="3" type="stmt"/>
      <line num="282" count="27" type="cond" truecount="3" falsecount="0"/>
      <line num="283" count="21" type="stmt"/>
      <line num="287" count="5" type="cond" truecount="1" falsecount="0"/>
      <line num="288" count="3" type="stmt"/>
      <line num="289" count="24" type="cond" truecount="3" falsecount="0"/>
      <line num="290" count="15" type="stmt"/>
      <line num="294" count="5" type="stmt"/>
      <line num="299" count="2" type="stmt"/>
      <line num="300" count="2" type="stmt"/>
      <line num="301" count="18" type="cond" truecount="3" falsecount="0"/>
      <line num="302" count="4" type="stmt"/>
      <line num="305" count="2" type="stmt"/>
      <line num="310" count="1" type="stmt"/>
      <line num="311" count="1" type="stmt"/>
      <line num="316" count="1" type="stmt"/>
      <line num="317" count="1" type="stmt"/>
    </file>
    <file name="workout.ts" path="C:\Users\Hamish\OneDrive - Ara Institute of Canterbury\Documents\2023\BCDE211\Ass3\v3 TypeScript\code\model\workout.ts">
      <metrics statements="5" coveredstatements="5" conditionals="1" coveredconditionals="1" methods="1" coveredmethods="1"/>
      <line num="1" count="1" type="stmt"/>
      <line num="9" count="300" type="stmt"/>
      <line num="10" count="300" type="stmt"/>
      <line num="11" count="300" type="stmt"/>
      <line num="12" count="300" type="stmt"/>
    </file>
  </project>
</coverage>
