{"C:\\Users\\Hamish\\OneDrive - Ara Institute of Canterbury\\Documents\\2023\\BCDE211\\Ass3\\v3 TypeScript\\code\\model\\goal.ts": {"path":"C:\\Users\\Hamish\\OneDrive - Ara Institute of Canterbury\\Documents\\2023\\BCDE211\\Ass3\\v3 TypeScript\\code\\model\\goal.ts","statementMap":{"0":{"start":{"line":14,"column":8},"end":{"line":14,"column":32}},"1":{"start":{"line":15,"column":8},"end":{"line":15,"column":50}},"2":{"start":{"line":16,"column":8},"end":{"line":16,"column":54}},"3":{"start":{"line":17,"column":8},"end":{"line":17,"column":34}},"4":{"start":{"line":18,"column":8},"end":{"line":18,"column":33}},"5":{"start":{"line":19,"column":8},"end":{"line":19,"column":42}},"6":{"start":{"line":20,"column":8},"end":{"line":20,"column":32}},"7":{"start":{"line":21,"column":8},"end":{"line":21,"column":16}},"8":{"start":{"line":22,"column":8},"end":{"line":22,"column":25}},"9":{"start":{"line":23,"column":8},"end":{"line":23,"column":34}},"10":{"start":{"line":28,"column":8},"end":{"line":31,"column":null}},"11":{"start":{"line":29,"column":12},"end":{"line":29,"column":36}},"12":{"start":{"line":30,"column":12},"end":{"line":30,"column":72}},"13":{"start":{"line":36,"column":8},"end":{"line":38,"column":null}},"14":{"start":{"line":37,"column":12},"end":{"line":37,"column":37}},"15":{"start":{"line":1,"column":0},"end":{"line":1,"column":21}}},"fnMap":{"0":{"name":"(anonymous_0)","decl":{"start":{"line":13,"column":4},"end":{"line":13,"column":16}},"loc":{"start":{"line":13,"column":149},"end":{"line":24,"column":5}}},"1":{"name":"(anonymous_1)","decl":{"start":{"line":27,"column":4},"end":{"line":27,"column":22}},"loc":{"start":{"line":27,"column":65},"end":{"line":32,"column":5}}},"2":{"name":"(anonymous_2)","decl":{"start":{"line":35,"column":4},"end":{"line":35,"column":26}},"loc":{"start":{"line":35,"column":26},"end":{"line":39,"column":5}}}},"branchMap":{"0":{"loc":{"start":{"line":13,"column":119},"end":{"line":13,"column":149}},"type":"default-arg","locations":[{"start":{"line":13,"column":139},"end":{"line":13,"column":149}}]},"1":{"loc":{"start":{"line":28,"column":8},"end":{"line":31,"column":null}},"type":"if","locations":[{"start":{"line":28,"column":8},"end":{"line":31,"column":null}}]},"2":{"loc":{"start":{"line":36,"column":8},"end":{"line":38,"column":null}},"type":"if","locations":[{"start":{"line":36,"column":8},"end":{"line":38,"column":null}}]},"3":{"loc":{"start":{"line":36,"column":12},"end":{"line":36,"column":107}},"type":"binary-expr","locations":[{"start":{"line":36,"column":12},"end":{"line":36,"column":56}},{"start":{"line":36,"column":60},"end":{"line":36,"column":107}}]}},"s":{"0":205,"1":205,"2":205,"3":205,"4":205,"5":205,"6":205,"7":205,"8":205,"9":205,"10":321,"11":210,"12":210,"13":3,"14":3,"15":1},"f":{"0":205,"1":321,"2":3},"b":{"0":[1],"1":[210],"2":[3],"3":[3,1]}}
,"C:\\Users\\Hamish\\OneDrive - Ara Institute of Canterbury\\Documents\\2023\\BCDE211\\Ass3\\v3 TypeScript\\code\\model\\triathlon.ts": {"path":"C:\\Users\\Hamish\\OneDrive - Ara Institute of Canterbury\\Documents\\2023\\BCDE211\\Ass3\\v3 TypeScript\\code\\model\\triathlon.ts","statementMap":{"0":{"start":{"line":1,"column":0},"end":{"line":1,"column":25}},"1":{"start":{"line":8,"column":8},"end":{"line":8,"column":27}},"2":{"start":{"line":9,"column":8},"end":{"line":9,"column":27}},"3":{"start":{"line":14,"column":8},"end":{"line":25,"column":null}},"4":{"start":{"line":15,"column":12},"end":{"line":15,"column":null}},"5":{"start":{"line":16,"column":12},"end":{"line":16,"column":null}},"6":{"start":{"line":17,"column":12},"end":{"line":17,"column":88}},"7":{"start":{"line":18,"column":12},"end":{"line":18,"column":85}},"8":{"start":{"line":19,"column":27},"end":{"line":19,"column":62}},"9":{"start":{"line":20,"column":12},"end":{"line":20,"column":null}},"10":{"start":{"line":21,"column":12},"end":{"line":21,"column":null}},"11":{"start":{"line":22,"column":12},"end":{"line":22,"column":null}},"12":{"start":{"line":24,"column":12},"end":{"line":24,"column":null}},"13":{"start":{"line":30,"column":8},"end":{"line":42,"column":null}},"14":{"start":{"line":31,"column":24},"end":{"line":31,"column":65}},"15":{"start":{"line":31,"column":51},"end":{"line":31,"column":64}},"16":{"start":{"line":32,"column":12},"end":{"line":34,"column":null}},"17":{"start":{"line":33,"column":16},"end":{"line":33,"column":75}},"18":{"start":{"line":35,"column":24},"end":{"line":35,"column":52}},"19":{"start":{"line":36,"column":16},"end":{"line":36,"column":47}},"20":{"start":{"line":37,"column":16},"end":{"line":37,"column":null}},"21":{"start":{"line":38,"column":16},"end":{"line":38,"column":null}},"22":{"start":{"line":40,"column":12},"end":{"line":40,"column":null}},"23":{"start":{"line":41,"column":12},"end":{"line":41,"column":null}},"24":{"start":{"line":47,"column":8},"end":{"line":47,"column":null}},"25":{"start":{"line":48,"column":8},"end":{"line":48,"column":null}},"26":{"start":{"line":53,"column":8},"end":{"line":53,"column":null}},"27":{"start":{"line":58,"column":32},"end":{"line":58,"column":75}},"28":{"start":{"line":60,"column":12},"end":{"line":62,"column":null}},"29":{"start":{"line":61,"column":16},"end":{"line":61,"column":null}},"30":{"start":{"line":63,"column":12},"end":{"line":86,"column":null}},"31":{"start":{"line":64,"column":32},"end":{"line":64,"column":49}},"32":{"start":{"line":65,"column":31},"end":{"line":65,"column":47}},"33":{"start":{"line":66,"column":16},"end":{"line":66,"column":null}},"34":{"start":{"line":67,"column":30},"end":{"line":67,"column":46}},"35":{"start":{"line":68,"column":16},"end":{"line":71,"column":null}},"36":{"start":{"line":69,"column":20},"end":{"line":69,"column":null}},"37":{"start":{"line":72,"column":16},"end":{"line":75,"column":null}},"38":{"start":{"line":73,"column":20},"end":{"line":73,"column":null}},"39":{"start":{"line":76,"column":16},"end":{"line":76,"column":null}},"40":{"start":{"line":77,"column":16},"end":{"line":80,"column":null}},"41":{"start":{"line":78,"column":20},"end":{"line":78,"column":null}},"42":{"start":{"line":81,"column":16},"end":{"line":84,"column":null}},"43":{"start":{"line":82,"column":20},"end":{"line":82,"column":null}},"44":{"start":{"line":85,"column":16},"end":{"line":85,"column":null}},"45":{"start":{"line":3,"column":0},"end":{"line":3,"column":21}}},"fnMap":{"0":{"name":"(anonymous_0)","decl":{"start":{"line":7,"column":4},"end":{"line":7,"column":null}},"loc":{"start":{"line":7,"column":4},"end":{"line":10,"column":5}}},"1":{"name":"(anonymous_1)","decl":{"start":{"line":13,"column":11},"end":{"line":13,"column":18}},"loc":{"start":{"line":13,"column":60},"end":{"line":26,"column":5}}},"2":{"name":"(anonymous_2)","decl":{"start":{"line":29,"column":11},"end":{"line":29,"column":21}},"loc":{"start":{"line":29,"column":32},"end":{"line":43,"column":5}}},"3":{"name":"(anonymous_3)","decl":{"start":{"line":31,"column":43},"end":{"line":31,"column":47}},"loc":{"start":{"line":31,"column":51},"end":{"line":31,"column":64}}},"4":{"name":"(anonymous_4)","decl":{"start":{"line":45,"column":11},"end":{"line":45,"column":19}},"loc":{"start":{"line":45,"column":34},"end":{"line":49,"column":5}}},"5":{"name":"(anonymous_5)","decl":{"start":{"line":52,"column":11},"end":{"line":52,"column":29}},"loc":{"start":{"line":52,"column":29},"end":{"line":54,"column":5}}},"6":{"name":"(anonymous_6)","decl":{"start":{"line":57,"column":11},"end":{"line":57,"column":31}},"loc":{"start":{"line":57,"column":31},"end":{"line":87,"column":5}}},"7":{"name":"(anonymous_7)","decl":{"start":{"line":63,"column":40},"end":{"line":63,"column":47}},"loc":{"start":{"line":63,"column":50},"end":{"line":86,"column":13}}},"8":{"name":"(anonymous_8)","decl":{"start":{"line":68,"column":47},"end":{"line":68,"column":51}},"loc":{"start":{"line":68,"column":54},"end":{"line":70,"column":17}}},"9":{"name":"(anonymous_9)","decl":{"start":{"line":72,"column":53},"end":{"line":72,"column":57}},"loc":{"start":{"line":72,"column":60},"end":{"line":74,"column":17}}},"10":{"name":"(anonymous_10)","decl":{"start":{"line":77,"column":44},"end":{"line":77,"column":48}},"loc":{"start":{"line":77,"column":51},"end":{"line":79,"column":17}}},"11":{"name":"(anonymous_11)","decl":{"start":{"line":81,"column":50},"end":{"line":81,"column":54}},"loc":{"start":{"line":81,"column":57},"end":{"line":83,"column":17}}}},"branchMap":{"0":{"loc":{"start":{"line":14,"column":8},"end":{"line":25,"column":null}},"type":"if","locations":[{"start":{"line":14,"column":8},"end":{"line":25,"column":null}},{"start":{"line":23,"column":15},"end":{"line":25,"column":null}}]},"1":{"loc":{"start":{"line":14,"column":12},"end":{"line":14,"column":83}},"type":"binary-expr","locations":[{"start":{"line":14,"column":13},"end":{"line":14,"column":45}},{"start":{"line":14,"column":51},"end":{"line":14,"column":82}}]},"2":{"loc":{"start":{"line":32,"column":12},"end":{"line":34,"column":null}},"type":"if","locations":[{"start":{"line":32,"column":12},"end":{"line":34,"column":null}}]},"3":{"loc":{"start":{"line":60,"column":12},"end":{"line":62,"column":null}},"type":"if","locations":[{"start":{"line":60,"column":12},"end":{"line":62,"column":null}}]}},"s":{"0":1,"1":75,"2":75,"3":75,"4":74,"5":74,"6":74,"7":74,"8":74,"9":74,"10":74,"11":74,"12":1,"13":4,"14":4,"15":3,"16":4,"17":1,"18":3,"19":3,"20":3,"21":3,"22":1,"23":1,"24":1,"25":1,"26":2,"27":1,"28":1,"29":1,"30":1,"31":1,"32":1,"33":1,"34":1,"35":1,"36":2,"37":1,"38":1,"39":1,"40":1,"41":2,"42":1,"43":1,"44":1,"45":1},"f":{"0":75,"1":75,"2":4,"3":3,"4":1,"5":2,"6":1,"7":1,"8":2,"9":1,"10":2,"11":1},"b":{"0":[74,1],"1":[75,74],"2":[1],"3":[1]}}
,"C:\\Users\\Hamish\\OneDrive - Ara Institute of Canterbury\\Documents\\2023\\BCDE211\\Ass3\\v3 TypeScript\\code\\model\\user.ts": {"path":"C:\\Users\\Hamish\\OneDrive - Ara Institute of Canterbury\\Documents\\2023\\BCDE211\\Ass3\\v3 TypeScript\\code\\model\\user.ts","statementMap":{"0":{"start":{"line":2,"column":0},"end":{"line":2,"column":31}},"1":{"start":{"line":3,"column":0},"end":{"line":3,"column":25}},"2":{"start":{"line":17,"column":8},"end":{"line":17,"column":20}},"3":{"start":{"line":18,"column":8},"end":{"line":18,"column":38}},"4":{"start":{"line":19,"column":8},"end":{"line":19,"column":36}},"5":{"start":{"line":20,"column":8},"end":{"line":20,"column":null}},"6":{"start":{"line":21,"column":8},"end":{"line":21,"column":null}},"7":{"start":{"line":22,"column":8},"end":{"line":22,"column":null}},"8":{"start":{"line":23,"column":8},"end":{"line":23,"column":null}},"9":{"start":{"line":24,"column":8},"end":{"line":24,"column":null}},"10":{"start":{"line":25,"column":8},"end":{"line":25,"column":null}},"11":{"start":{"line":31,"column":8},"end":{"line":46,"column":null}},"12":{"start":{"line":32,"column":12},"end":{"line":42,"column":null}},"13":{"start":{"line":33,"column":34},"end":{"line":33,"column":72}},"14":{"start":{"line":34,"column":16},"end":{"line":34,"column":null}},"15":{"start":{"line":35,"column":16},"end":{"line":37,"column":null}},"16":{"start":{"line":35,"column":29},"end":{"line":35,"column":30}},"17":{"start":{"line":36,"column":20},"end":{"line":36,"column":null}},"18":{"start":{"line":38,"column":16},"end":{"line":38,"column":null}},"19":{"start":{"line":39,"column":16},"end":{"line":39,"column":null}},"20":{"start":{"line":41,"column":16},"end":{"line":41,"column":76}},"21":{"start":{"line":44,"column":12},"end":{"line":44,"column":null}},"22":{"start":{"line":45,"column":12},"end":{"line":45,"column":null}},"23":{"start":{"line":51,"column":8},"end":{"line":64,"column":null}},"24":{"start":{"line":52,"column":27},"end":{"line":52,"column":79}},"25":{"start":{"line":52,"column":62},"end":{"line":52,"column":78}},"26":{"start":{"line":53,"column":12},"end":{"line":60,"column":null}},"27":{"start":{"line":54,"column":16},"end":{"line":54,"column":78}},"28":{"start":{"line":56,"column":28},"end":{"line":56,"column":64}},"29":{"start":{"line":57,"column":16},"end":{"line":57,"column":52}},"30":{"start":{"line":58,"column":16},"end":{"line":58,"column":null}},"31":{"start":{"line":59,"column":16},"end":{"line":59,"column":null}},"32":{"start":{"line":62,"column":12},"end":{"line":62,"column":null}},"33":{"start":{"line":63,"column":12},"end":{"line":63,"column":null}},"34":{"start":{"line":70,"column":8},"end":{"line":87,"column":null}},"35":{"start":{"line":71,"column":27},"end":{"line":71,"column":73}},"36":{"start":{"line":71,"column":59},"end":{"line":71,"column":72}},"37":{"start":{"line":72,"column":12},"end":{"line":74,"column":null}},"38":{"start":{"line":73,"column":16},"end":{"line":73,"column":null}},"39":{"start":{"line":75,"column":27},"end":{"line":75,"column":54}},"40":{"start":{"line":76,"column":12},"end":{"line":76,"column":null}},"41":{"start":{"line":77,"column":12},"end":{"line":77,"column":null}},"42":{"start":{"line":78,"column":24},"end":{"line":78,"column":60}},"43":{"start":{"line":79,"column":12},"end":{"line":79,"column":null}},"44":{"start":{"line":80,"column":12},"end":{"line":80,"column":null}},"45":{"start":{"line":81,"column":12},"end":{"line":81,"column":null}},"46":{"start":{"line":82,"column":12},"end":{"line":82,"column":null}},"47":{"start":{"line":85,"column":12},"end":{"line":85,"column":null}},"48":{"start":{"line":86,"column":12},"end":{"line":86,"column":null}},"49":{"start":{"line":91,"column":8},"end":{"line":91,"column":null}},"50":{"start":{"line":91,"column":47},"end":{"line":91,"column":60}},"51":{"start":{"line":97,"column":8},"end":{"line":119,"column":null}},"52":{"start":{"line":98,"column":27},"end":{"line":98,"column":79}},"53":{"start":{"line":98,"column":62},"end":{"line":98,"column":78}},"54":{"start":{"line":99,"column":12},"end":{"line":101,"column":null}},"55":{"start":{"line":100,"column":16},"end":{"line":100,"column":78}},"56":{"start":{"line":102,"column":24},"end":{"line":102,"column":60}},"57":{"start":{"line":103,"column":35},"end":{"line":103,"column":36}},"58":{"start":{"line":104,"column":31},"end":{"line":106,"column":18}},"59":{"start":{"line":105,"column":16},"end":{"line":105,"column":38}},"60":{"start":{"line":107,"column":16},"end":{"line":107,"column":null}},"61":{"start":{"line":108,"column":36},"end":{"line":108,"column":122}},"62":{"start":{"line":108,"column":75},"end":{"line":108,"column":120}},"63":{"start":{"line":109,"column":16},"end":{"line":115,"column":null}},"64":{"start":{"line":110,"column":20},"end":{"line":110,"column":null}},"65":{"start":{"line":112,"column":20},"end":{"line":112,"column":null}},"66":{"start":{"line":113,"column":36},"end":{"line":113,"column":125}},"67":{"start":{"line":113,"column":79},"end":{"line":113,"column":124}},"68":{"start":{"line":114,"column":20},"end":{"line":114,"column":66}},"69":{"start":{"line":117,"column":12},"end":{"line":117,"column":null}},"70":{"start":{"line":118,"column":12},"end":{"line":118,"column":null}},"71":{"start":{"line":125,"column":8},"end":{"line":148,"column":null}},"72":{"start":{"line":126,"column":24},"end":{"line":126,"column":25}},"73":{"start":{"line":126,"column":46},"end":{"line":126,"column":48}},"74":{"start":{"line":127,"column":12},"end":{"line":129,"column":null}},"75":{"start":{"line":128,"column":16},"end":{"line":128,"column":null}},"76":{"start":{"line":128,"column":68},"end":{"line":128,"column":91}},"77":{"start":{"line":130,"column":12},"end":{"line":132,"column":null}},"78":{"start":{"line":131,"column":16},"end":{"line":131,"column":null}},"79":{"start":{"line":131,"column":68},"end":{"line":131,"column":91}},"80":{"start":{"line":133,"column":12},"end":{"line":135,"column":null}},"81":{"start":{"line":134,"column":16},"end":{"line":134,"column":null}},"82":{"start":{"line":134,"column":68},"end":{"line":134,"column":90}},"83":{"start":{"line":136,"column":12},"end":{"line":138,"column":null}},"84":{"start":{"line":137,"column":16},"end":{"line":137,"column":null}},"85":{"start":{"line":139,"column":12},"end":{"line":141,"column":null}},"86":{"start":{"line":139,"column":25},"end":{"line":139,"column":26}},"87":{"start":{"line":140,"column":16},"end":{"line":140,"column":45}},"88":{"start":{"line":142,"column":12},"end":{"line":142,"column":null}},"89":{"start":{"line":143,"column":12},"end":{"line":143,"column":null}},"90":{"start":{"line":146,"column":12},"end":{"line":146,"column":null}},"91":{"start":{"line":147,"column":12},"end":{"line":147,"column":null}},"92":{"start":{"line":153,"column":19},"end":{"line":153,"column":29}},"93":{"start":{"line":154,"column":8},"end":{"line":158,"column":null}},"94":{"start":{"line":155,"column":12},"end":{"line":155,"column":null}},"95":{"start":{"line":157,"column":12},"end":{"line":157,"column":null}},"96":{"start":{"line":159,"column":8},"end":{"line":159,"column":null}},"97":{"start":{"line":164,"column":23},"end":{"line":164,"column":114}},"98":{"start":{"line":165,"column":8},"end":{"line":165,"column":null}},"99":{"start":{"line":166,"column":8},"end":{"line":166,"column":null}},"100":{"start":{"line":167,"column":8},"end":{"line":167,"column":null}},"101":{"start":{"line":172,"column":8},"end":{"line":184,"column":null}},"102":{"start":{"line":173,"column":24},"end":{"line":173,"column":67}},"103":{"start":{"line":173,"column":53},"end":{"line":173,"column":66}},"104":{"start":{"line":174,"column":12},"end":{"line":176,"column":null}},"105":{"start":{"line":175,"column":16},"end":{"line":175,"column":75}},"106":{"start":{"line":177,"column":24},"end":{"line":177,"column":54}},"107":{"start":{"line":178,"column":12},"end":{"line":178,"column":45}},"108":{"start":{"line":179,"column":12},"end":{"line":179,"column":null}},"109":{"start":{"line":180,"column":12},"end":{"line":180,"column":null}},"110":{"start":{"line":182,"column":12},"end":{"line":182,"column":null}},"111":{"start":{"line":183,"column":12},"end":{"line":183,"column":null}},"112":{"start":{"line":188,"column":8},"end":{"line":188,"column":null}},"113":{"start":{"line":188,"column":44},"end":{"line":188,"column":57}},"114":{"start":{"line":193,"column":8},"end":{"line":211,"column":null}},"115":{"start":{"line":194,"column":24},"end":{"line":194,"column":67}},"116":{"start":{"line":194,"column":53},"end":{"line":194,"column":66}},"117":{"start":{"line":195,"column":12},"end":{"line":197,"column":null}},"118":{"start":{"line":196,"column":16},"end":{"line":196,"column":null}},"119":{"start":{"line":198,"column":24},"end":{"line":198,"column":48}},"120":{"start":{"line":199,"column":12},"end":{"line":199,"column":null}},"121":{"start":{"line":200,"column":12},"end":{"line":200,"column":null}},"122":{"start":{"line":201,"column":24},"end":{"line":201,"column":54}},"123":{"start":{"line":202,"column":12},"end":{"line":202,"column":null}},"124":{"start":{"line":203,"column":12},"end":{"line":203,"column":null}},"125":{"start":{"line":204,"column":12},"end":{"line":204,"column":null}},"126":{"start":{"line":205,"column":12},"end":{"line":205,"column":null}},"127":{"start":{"line":206,"column":12},"end":{"line":206,"column":null}},"128":{"start":{"line":209,"column":12},"end":{"line":209,"column":null}},"129":{"start":{"line":210,"column":12},"end":{"line":210,"column":null}},"130":{"start":{"line":216,"column":8},"end":{"line":238,"column":null}},"131":{"start":{"line":217,"column":24},"end":{"line":217,"column":67}},"132":{"start":{"line":217,"column":53},"end":{"line":217,"column":66}},"133":{"start":{"line":218,"column":12},"end":{"line":220,"column":null}},"134":{"start":{"line":219,"column":16},"end":{"line":219,"column":75}},"135":{"start":{"line":221,"column":24},"end":{"line":221,"column":54}},"136":{"start":{"line":222,"column":39},"end":{"line":222,"column":40}},"137":{"start":{"line":223,"column":35},"end":{"line":225,"column":22}},"138":{"start":{"line":224,"column":24},"end":{"line":224,"column":46}},"139":{"start":{"line":226,"column":20},"end":{"line":226,"column":null}},"140":{"start":{"line":227,"column":37},"end":{"line":227,"column":120}},"141":{"start":{"line":227,"column":73},"end":{"line":227,"column":118}},"142":{"start":{"line":228,"column":20},"end":{"line":234,"column":null}},"143":{"start":{"line":229,"column":24},"end":{"line":229,"column":null}},"144":{"start":{"line":231,"column":24},"end":{"line":231,"column":null}},"145":{"start":{"line":232,"column":40},"end":{"line":232,"column":126}},"146":{"start":{"line":232,"column":80},"end":{"line":232,"column":125}},"147":{"start":{"line":233,"column":24},"end":{"line":233,"column":67}},"148":{"start":{"line":236,"column":12},"end":{"line":236,"column":null}},"149":{"start":{"line":237,"column":12},"end":{"line":237,"column":null}},"150":{"start":{"line":243,"column":8},"end":{"line":255,"column":null}},"151":{"start":{"line":244,"column":24},"end":{"line":244,"column":71}},"152":{"start":{"line":244,"column":53},"end":{"line":244,"column":70}},"153":{"start":{"line":245,"column":12},"end":{"line":247,"column":null}},"154":{"start":{"line":246,"column":16},"end":{"line":246,"column":75}},"155":{"start":{"line":248,"column":24},"end":{"line":248,"column":54}},"156":{"start":{"line":249,"column":12},"end":{"line":249,"column":null}},"157":{"start":{"line":250,"column":12},"end":{"line":250,"column":null}},"158":{"start":{"line":251,"column":12},"end":{"line":251,"column":null}},"159":{"start":{"line":253,"column":12},"end":{"line":253,"column":null}},"160":{"start":{"line":254,"column":12},"end":{"line":254,"column":null}},"161":{"start":{"line":260,"column":42},"end":{"line":260,"column":44}},"162":{"start":{"line":261,"column":8},"end":{"line":267,"column":null}},"163":{"start":{"line":262,"column":12},"end":{"line":262,"column":null}},"164":{"start":{"line":263,"column":15},"end":{"line":267,"column":null}},"165":{"start":{"line":264,"column":12},"end":{"line":264,"column":null}},"166":{"start":{"line":266,"column":12},"end":{"line":266,"column":null}},"167":{"start":{"line":268,"column":8},"end":{"line":268,"column":91}},"168":{"start":{"line":268,"column":44},"end":{"line":268,"column":89}},"169":{"start":{"line":273,"column":8},"end":{"line":273,"column":90}},"170":{"start":{"line":273,"column":53},"end":{"line":273,"column":88}},"171":{"start":{"line":279,"column":39},"end":{"line":279,"column":41}},"172":{"start":{"line":280,"column":8},"end":{"line":286,"column":null}},"173":{"start":{"line":281,"column":12},"end":{"line":285,"column":null}},"174":{"start":{"line":281,"column":25},"end":{"line":281,"column":26}},"175":{"start":{"line":282,"column":16},"end":{"line":284,"column":null}},"176":{"start":{"line":283,"column":20},"end":{"line":283,"column":null}},"177":{"start":{"line":287,"column":8},"end":{"line":293,"column":null}},"178":{"start":{"line":288,"column":12},"end":{"line":292,"column":null}},"179":{"start":{"line":288,"column":25},"end":{"line":288,"column":26}},"180":{"start":{"line":289,"column":16},"end":{"line":291,"column":null}},"181":{"start":{"line":290,"column":20},"end":{"line":290,"column":null}},"182":{"start":{"line":294,"column":8},"end":{"line":294,"column":null}},"183":{"start":{"line":299,"column":39},"end":{"line":299,"column":41}},"184":{"start":{"line":300,"column":8},"end":{"line":304,"column":null}},"185":{"start":{"line":300,"column":21},"end":{"line":300,"column":22}},"186":{"start":{"line":301,"column":12},"end":{"line":303,"column":null}},"187":{"start":{"line":302,"column":16},"end":{"line":302,"column":null}},"188":{"start":{"line":305,"column":8},"end":{"line":305,"column":null}},"189":{"start":{"line":310,"column":8},"end":{"line":310,"column":null}},"190":{"start":{"line":311,"column":8},"end":{"line":311,"column":null}},"191":{"start":{"line":316,"column":24},"end":{"line":316,"column":28}},"192":{"start":{"line":317,"column":8},"end":{"line":317,"column":null}},"193":{"start":{"line":5,"column":0},"end":{"line":5,"column":21}}},"fnMap":{"0":{"name":"(anonymous_0)","decl":{"start":{"line":16,"column":4},"end":{"line":16,"column":17}},"loc":{"start":{"line":16,"column":58},"end":{"line":26,"column":5}}},"1":{"name":"(anonymous_1)","decl":{"start":{"line":30,"column":4},"end":{"line":30,"column":14}},"loc":{"start":{"line":30,"column":69},"end":{"line":47,"column":5}}},"2":{"name":"(anonymous_2)","decl":{"start":{"line":50,"column":4},"end":{"line":50,"column":17}},"loc":{"start":{"line":50,"column":28},"end":{"line":65,"column":5}}},"3":{"name":"(anonymous_3)","decl":{"start":{"line":52,"column":51},"end":{"line":52,"column":58}},"loc":{"start":{"line":52,"column":62},"end":{"line":52,"column":78}}},"4":{"name":"(anonymous_4)","decl":{"start":{"line":69,"column":4},"end":{"line":69,"column":17}},"loc":{"start":{"line":69,"column":83},"end":{"line":88,"column":5}}},"5":{"name":"(anonymous_5)","decl":{"start":{"line":71,"column":51},"end":{"line":71,"column":55}},"loc":{"start":{"line":71,"column":59},"end":{"line":71,"column":72}}},"6":{"name":"(anonymous_6)","decl":{"start":{"line":90,"column":4},"end":{"line":90,"column":15}},"loc":{"start":{"line":90,"column":26},"end":{"line":92,"column":5}}},"7":{"name":"(anonymous_7)","decl":{"start":{"line":91,"column":39},"end":{"line":91,"column":43}},"loc":{"start":{"line":91,"column":47},"end":{"line":91,"column":60}}},"8":{"name":"(anonymous_8)","decl":{"start":{"line":96,"column":4},"end":{"line":96,"column":17}},"loc":{"start":{"line":96,"column":28},"end":{"line":120,"column":5}}},"9":{"name":"(anonymous_9)","decl":{"start":{"line":98,"column":51},"end":{"line":98,"column":58}},"loc":{"start":{"line":98,"column":62},"end":{"line":98,"column":78}}},"10":{"name":"(anonymous_10)","decl":{"start":{"line":104,"column":60},"end":{"line":104,"column":66}},"loc":{"start":{"line":104,"column":69},"end":{"line":106,"column":17}}},"11":{"name":"(anonymous_11)","decl":{"start":{"line":108,"column":66},"end":{"line":108,"column":70}},"loc":{"start":{"line":108,"column":75},"end":{"line":108,"column":120}}},"12":{"name":"(anonymous_12)","decl":{"start":{"line":113,"column":71},"end":{"line":113,"column":75}},"loc":{"start":{"line":113,"column":79},"end":{"line":113,"column":124}}},"13":{"name":"(anonymous_13)","decl":{"start":{"line":124,"column":4},"end":{"line":124,"column":33}},"loc":{"start":{"line":124,"column":74},"end":{"line":149,"column":5}}},"14":{"name":"(anonymous_14)","decl":{"start":{"line":128,"column":57},"end":{"line":128,"column":64}},"loc":{"start":{"line":128,"column":68},"end":{"line":128,"column":91}}},"15":{"name":"(anonymous_15)","decl":{"start":{"line":131,"column":57},"end":{"line":131,"column":64}},"loc":{"start":{"line":131,"column":68},"end":{"line":131,"column":91}}},"16":{"name":"(anonymous_16)","decl":{"start":{"line":134,"column":57},"end":{"line":134,"column":64}},"loc":{"start":{"line":134,"column":68},"end":{"line":134,"column":90}}},"17":{"name":"(anonymous_17)","decl":{"start":{"line":152,"column":4},"end":{"line":152,"column":21}},"loc":{"start":{"line":152,"column":38},"end":{"line":160,"column":5}}},"18":{"name":"(anonymous_18)","decl":{"start":{"line":163,"column":4},"end":{"line":163,"column":11}},"loc":{"start":{"line":163,"column":138},"end":{"line":168,"column":5}}},"19":{"name":"(anonymous_19)","decl":{"start":{"line":171,"column":4},"end":{"line":171,"column":14}},"loc":{"start":{"line":171,"column":25},"end":{"line":185,"column":5}}},"20":{"name":"(anonymous_20)","decl":{"start":{"line":173,"column":45},"end":{"line":173,"column":49}},"loc":{"start":{"line":173,"column":53},"end":{"line":173,"column":66}}},"21":{"name":"(anonymous_21)","decl":{"start":{"line":187,"column":4},"end":{"line":187,"column":12}},"loc":{"start":{"line":187,"column":23},"end":{"line":189,"column":5}}},"22":{"name":"(anonymous_22)","decl":{"start":{"line":188,"column":36},"end":{"line":188,"column":40}},"loc":{"start":{"line":188,"column":44},"end":{"line":188,"column":57}}},"23":{"name":"(anonymous_23)","decl":{"start":{"line":192,"column":4},"end":{"line":192,"column":14}},"loc":{"start":{"line":192,"column":118},"end":{"line":212,"column":5}}},"24":{"name":"(anonymous_24)","decl":{"start":{"line":194,"column":45},"end":{"line":194,"column":49}},"loc":{"start":{"line":194,"column":53},"end":{"line":194,"column":66}}},"25":{"name":"(anonymous_25)","decl":{"start":{"line":215,"column":4},"end":{"line":215,"column":14}},"loc":{"start":{"line":215,"column":25},"end":{"line":239,"column":5}}},"26":{"name":"(anonymous_26)","decl":{"start":{"line":217,"column":45},"end":{"line":217,"column":49}},"loc":{"start":{"line":217,"column":53},"end":{"line":217,"column":66}}},"27":{"name":"(anonymous_27)","decl":{"start":{"line":223,"column":61},"end":{"line":223,"column":67}},"loc":{"start":{"line":223,"column":70},"end":{"line":225,"column":21}}},"28":{"name":"(anonymous_28)","decl":{"start":{"line":227,"column":64},"end":{"line":227,"column":68}},"loc":{"start":{"line":227,"column":73},"end":{"line":227,"column":118}}},"29":{"name":"(anonymous_29)","decl":{"start":{"line":232,"column":72},"end":{"line":232,"column":76}},"loc":{"start":{"line":232,"column":80},"end":{"line":232,"column":125}}},"30":{"name":"(anonymous_30)","decl":{"start":{"line":242,"column":4},"end":{"line":242,"column":22}},"loc":{"start":{"line":242,"column":108},"end":{"line":256,"column":5}}},"31":{"name":"(anonymous_31)","decl":{"start":{"line":244,"column":45},"end":{"line":244,"column":49}},"loc":{"start":{"line":244,"column":53},"end":{"line":244,"column":70}}},"32":{"name":"(anonymous_32)","decl":{"start":{"line":259,"column":4},"end":{"line":259,"column":14}},"loc":{"start":{"line":259,"column":27},"end":{"line":269,"column":5}}},"33":{"name":"(anonymous_33)","decl":{"start":{"line":268,"column":30},"end":{"line":268,"column":39}},"loc":{"start":{"line":268,"column":42},"end":{"line":268,"column":89}}},"34":{"name":"(anonymous_34)","decl":{"start":{"line":272,"column":4},"end":{"line":272,"column":14}},"loc":{"start":{"line":272,"column":14},"end":{"line":274,"column":5}}},"35":{"name":"(anonymous_35)","decl":{"start":{"line":273,"column":39},"end":{"line":273,"column":48}},"loc":{"start":{"line":273,"column":51},"end":{"line":273,"column":88}}},"36":{"name":"(anonymous_36)","decl":{"start":{"line":278,"column":4},"end":{"line":278,"column":19}},"loc":{"start":{"line":278,"column":114},"end":{"line":295,"column":5}}},"37":{"name":"(anonymous_37)","decl":{"start":{"line":298,"column":4},"end":{"line":298,"column":21}},"loc":{"start":{"line":298,"column":53},"end":{"line":306,"column":5}}},"38":{"name":"(anonymous_38)","decl":{"start":{"line":309,"column":4},"end":{"line":309,"column":18}},"loc":{"start":{"line":309,"column":34},"end":{"line":312,"column":5}}},"39":{"name":"(anonymous_39)","decl":{"start":{"line":315,"column":4},"end":{"line":315,"column":22}},"loc":{"start":{"line":315,"column":22},"end":{"line":318,"column":5}}}},"branchMap":{"0":{"loc":{"start":{"line":30,"column":49},"end":{"line":30,"column":69}},"type":"default-arg","locations":[{"start":{"line":30,"column":59},"end":{"line":30,"column":69}}]},"1":{"loc":{"start":{"line":32,"column":12},"end":{"line":42,"column":null}},"type":"if","locations":[{"start":{"line":32,"column":12},"end":{"line":42,"column":null}},{"start":{"line":40,"column":19},"end":{"line":42,"column":null}}]},"2":{"loc":{"start":{"line":32,"column":16},"end":{"line":32,"column":74}},"type":"binary-expr","locations":[{"start":{"line":32,"column":16},"end":{"line":32,"column":33}},{"start":{"line":32,"column":37},"end":{"line":32,"column":54}},{"start":{"line":32,"column":58},"end":{"line":32,"column":74}}]},"3":{"loc":{"start":{"line":53,"column":12},"end":{"line":60,"column":null}},"type":"if","locations":[{"start":{"line":53,"column":12},"end":{"line":60,"column":null}},{"start":{"line":55,"column":19},"end":{"line":60,"column":null}}]},"4":{"loc":{"start":{"line":69,"column":63},"end":{"line":69,"column":83}},"type":"default-arg","locations":[{"start":{"line":69,"column":73},"end":{"line":69,"column":83}}]},"5":{"loc":{"start":{"line":72,"column":12},"end":{"line":74,"column":null}},"type":"if","locations":[{"start":{"line":72,"column":12},"end":{"line":74,"column":null}}]},"6":{"loc":{"start":{"line":99,"column":12},"end":{"line":101,"column":null}},"type":"if","locations":[{"start":{"line":99,"column":12},"end":{"line":101,"column":null}}]},"7":{"loc":{"start":{"line":108,"column":75},"end":{"line":108,"column":120}},"type":"binary-expr","locations":[{"start":{"line":108,"column":75},"end":{"line":108,"column":88}},{"start":{"line":108,"column":92},"end":{"line":108,"column":120}}]},"8":{"loc":{"start":{"line":109,"column":16},"end":{"line":115,"column":null}},"type":"if","locations":[{"start":{"line":109,"column":16},"end":{"line":115,"column":null}},{"start":{"line":111,"column":23},"end":{"line":115,"column":null}}]},"9":{"loc":{"start":{"line":113,"column":79},"end":{"line":113,"column":124}},"type":"binary-expr","locations":[{"start":{"line":113,"column":79},"end":{"line":113,"column":92}},{"start":{"line":113,"column":96},"end":{"line":113,"column":124}}]},"10":{"loc":{"start":{"line":127,"column":12},"end":{"line":129,"column":null}},"type":"if","locations":[{"start":{"line":127,"column":12},"end":{"line":129,"column":null}}]},"11":{"loc":{"start":{"line":130,"column":12},"end":{"line":132,"column":null}},"type":"if","locations":[{"start":{"line":130,"column":12},"end":{"line":132,"column":null}}]},"12":{"loc":{"start":{"line":133,"column":12},"end":{"line":135,"column":null}},"type":"if","locations":[{"start":{"line":133,"column":12},"end":{"line":135,"column":null}}]},"13":{"loc":{"start":{"line":136,"column":12},"end":{"line":138,"column":null}},"type":"if","locations":[{"start":{"line":136,"column":12},"end":{"line":138,"column":null}}]},"14":{"loc":{"start":{"line":154,"column":8},"end":{"line":158,"column":null}},"type":"if","locations":[{"start":{"line":154,"column":8},"end":{"line":158,"column":null}},{"start":{"line":156,"column":15},"end":{"line":158,"column":null}}]},"15":{"loc":{"start":{"line":163,"column":114},"end":{"line":163,"column":138}},"type":"default-arg","locations":[{"start":{"line":163,"column":128},"end":{"line":163,"column":138}}]},"16":{"loc":{"start":{"line":174,"column":12},"end":{"line":176,"column":null}},"type":"if","locations":[{"start":{"line":174,"column":12},"end":{"line":176,"column":null}}]},"17":{"loc":{"start":{"line":192,"column":98},"end":{"line":192,"column":118}},"type":"default-arg","locations":[{"start":{"line":192,"column":108},"end":{"line":192,"column":118}}]},"18":{"loc":{"start":{"line":195,"column":12},"end":{"line":197,"column":null}},"type":"if","locations":[{"start":{"line":195,"column":12},"end":{"line":197,"column":null}}]},"19":{"loc":{"start":{"line":218,"column":12},"end":{"line":220,"column":null}},"type":"if","locations":[{"start":{"line":218,"column":12},"end":{"line":220,"column":null}}]},"20":{"loc":{"start":{"line":227,"column":73},"end":{"line":227,"column":118}},"type":"binary-expr","locations":[{"start":{"line":227,"column":73},"end":{"line":227,"column":86}},{"start":{"line":227,"column":90},"end":{"line":227,"column":118}}]},"21":{"loc":{"start":{"line":228,"column":20},"end":{"line":234,"column":null}},"type":"if","locations":[{"start":{"line":228,"column":20},"end":{"line":234,"column":null}},{"start":{"line":230,"column":27},"end":{"line":234,"column":null}}]},"22":{"loc":{"start":{"line":232,"column":80},"end":{"line":232,"column":125}},"type":"binary-expr","locations":[{"start":{"line":232,"column":80},"end":{"line":232,"column":93}},{"start":{"line":232,"column":97},"end":{"line":232,"column":125}}]},"23":{"loc":{"start":{"line":245,"column":12},"end":{"line":247,"column":null}},"type":"if","locations":[{"start":{"line":245,"column":12},"end":{"line":247,"column":null}}]},"24":{"loc":{"start":{"line":261,"column":8},"end":{"line":267,"column":null}},"type":"if","locations":[{"start":{"line":261,"column":8},"end":{"line":267,"column":null}},{"start":{"line":263,"column":15},"end":{"line":267,"column":null}}]},"25":{"loc":{"start":{"line":263,"column":15},"end":{"line":267,"column":null}},"type":"if","locations":[{"start":{"line":263,"column":15},"end":{"line":267,"column":null}},{"start":{"line":265,"column":15},"end":{"line":267,"column":null}}]},"26":{"loc":{"start":{"line":278,"column":54},"end":{"line":278,"column":87}},"type":"default-arg","locations":[{"start":{"line":278,"column":69},"end":{"line":278,"column":87}}]},"27":{"loc":{"start":{"line":278,"column":88},"end":{"line":278,"column":114}},"type":"default-arg","locations":[{"start":{"line":278,"column":104},"end":{"line":278,"column":114}}]},"28":{"loc":{"start":{"line":280,"column":8},"end":{"line":286,"column":null}},"type":"if","locations":[{"start":{"line":280,"column":8},"end":{"line":286,"column":null}}]},"29":{"loc":{"start":{"line":282,"column":16},"end":{"line":284,"column":null}},"type":"if","locations":[{"start":{"line":282,"column":16},"end":{"line":284,"column":null}}]},"30":{"loc":{"start":{"line":282,"column":20},"end":{"line":282,"column":107}},"type":"binary-expr","locations":[{"start":{"line":282,"column":20},"end":{"line":282,"column":61}},{"start":{"line":282,"column":65},"end":{"line":282,"column":107}}]},"31":{"loc":{"start":{"line":287,"column":8},"end":{"line":293,"column":null}},"type":"if","locations":[{"start":{"line":287,"column":8},"end":{"line":293,"column":null}}]},"32":{"loc":{"start":{"line":289,"column":16},"end":{"line":291,"column":null}},"type":"if","locations":[{"start":{"line":289,"column":16},"end":{"line":291,"column":null}}]},"33":{"loc":{"start":{"line":289,"column":20},"end":{"line":289,"column":101}},"type":"binary-expr","locations":[{"start":{"line":289,"column":20},"end":{"line":289,"column":58}},{"start":{"line":289,"column":62},"end":{"line":289,"column":101}}]},"34":{"loc":{"start":{"line":301,"column":12},"end":{"line":303,"column":null}},"type":"if","locations":[{"start":{"line":301,"column":12},"end":{"line":303,"column":null}}]},"35":{"loc":{"start":{"line":301,"column":16},"end":{"line":301,"column":104}},"type":"binary-expr","locations":[{"start":{"line":301,"column":16},"end":{"line":301,"column":58}},{"start":{"line":301,"column":62},"end":{"line":301,"column":104}}]}},"s":{"0":1,"1":1,"2":75,"3":75,"4":75,"5":75,"6":75,"7":75,"8":75,"9":75,"10":75,"11":300,"12":300,"13":299,"14":299,"15":299,"16":299,"17":321,"18":299,"19":299,"20":1,"21":1,"22":1,"23":13,"24":13,"25":12,"26":13,"27":1,"28":12,"29":12,"30":12,"31":12,"32":1,"33":1,"34":12,"35":12,"36":14,"37":12,"38":1,"39":11,"40":11,"41":11,"42":11,"43":11,"44":11,"45":11,"46":11,"47":1,"48":1,"49":1,"50":1,"51":18,"52":18,"53":19,"54":18,"55":1,"56":17,"57":17,"58":17,"59":7,"60":17,"61":17,"62":7,"63":17,"64":11,"65":6,"66":6,"67":7,"68":6,"69":12,"70":12,"71":6,"72":6,"73":6,"74":6,"75":3,"76":18,"77":6,"78":4,"79":27,"80":6,"81":4,"82":27,"83":6,"84":1,"85":5,"86":5,"87":24,"88":5,"89":5,"90":1,"91":1,"92":3,"93":3,"94":1,"95":2,"96":3,"97":204,"98":204,"99":204,"100":204,"101":4,"102":4,"103":3,"104":4,"105":1,"106":3,"107":3,"108":3,"109":3,"110":1,"111":1,"112":2,"113":4,"114":9,"115":9,"116":11,"117":9,"118":1,"119":8,"120":8,"121":8,"122":8,"123":8,"124":8,"125":8,"126":8,"127":8,"128":1,"129":1,"130":8,"131":8,"132":9,"133":8,"134":1,"135":7,"136":7,"137":7,"138":5,"139":7,"140":7,"141":5,"142":7,"143":3,"144":4,"145":4,"146":5,"147":4,"148":4,"149":4,"150":2,"151":2,"152":5,"153":2,"154":1,"155":1,"156":1,"157":1,"158":1,"159":1,"160":1,"161":6,"162":6,"163":2,"164":4,"165":3,"166":1,"167":5,"168":88,"169":4,"170":72,"171":5,"172":5,"173":3,"174":3,"175":27,"176":21,"177":5,"178":3,"179":3,"180":24,"181":15,"182":5,"183":2,"184":2,"185":2,"186":18,"187":4,"188":2,"189":1,"190":1,"191":1,"192":1,"193":1},"f":{"0":75,"1":300,"2":13,"3":12,"4":12,"5":14,"6":1,"7":1,"8":18,"9":19,"10":7,"11":7,"12":7,"13":6,"14":18,"15":27,"16":27,"17":3,"18":204,"19":4,"20":3,"21":2,"22":4,"23":9,"24":11,"25":8,"26":9,"27":5,"28":5,"29":5,"30":2,"31":5,"32":6,"33":88,"34":4,"35":72,"36":5,"37":2,"38":1,"39":1},"b":{"0":[50],"1":[299,1],"2":[300,234,115],"3":[1,12],"4":[3],"5":[1],"6":[1],"7":[7,7],"8":[11,6],"9":[7,7],"10":[3],"11":[4],"12":[4],"13":[1],"14":[1,2],"15":[25],"16":[1],"17":[1],"18":[1],"19":[1],"20":[5,5],"21":[3,4],"22":[5,5],"23":[1],"24":[2,4],"25":[3,1],"26":[1],"27":[1],"28":[3],"29":[21],"30":[27,27],"31":[3],"32":[15],"33":[24,23],"34":[4],"35":[18,6]}}
,"C:\\Users\\Hamish\\OneDrive - Ara Institute of Canterbury\\Documents\\2023\\BCDE211\\Ass3\\v3 TypeScript\\code\\model\\workout.ts": {"path":"C:\\Users\\Hamish\\OneDrive - Ara Institute of Canterbury\\Documents\\2023\\BCDE211\\Ass3\\v3 TypeScript\\code\\model\\workout.ts","statementMap":{"0":{"start":{"line":9,"column":8},"end":{"line":9,"column":null}},"1":{"start":{"line":10,"column":8},"end":{"line":10,"column":null}},"2":{"start":{"line":11,"column":8},"end":{"line":11,"column":null}},"3":{"start":{"line":12,"column":8},"end":{"line":12,"column":null}},"4":{"start":{"line":1,"column":0},"end":{"line":1,"column":21}}},"fnMap":{"0":{"name":"(anonymous_0)","decl":{"start":{"line":8,"column":4},"end":{"line":8,"column":17}},"loc":{"start":{"line":8,"column":79},"end":{"line":13,"column":5}}}},"branchMap":{"0":{"loc":{"start":{"line":8,"column":53},"end":{"line":8,"column":79}},"type":"default-arg","locations":[{"start":{"line":8,"column":69},"end":{"line":8,"column":79}}]}},"s":{"0":300,"1":300,"2":300,"3":300,"4":1},"f":{"0":300},"b":{"0":[1]}}
}
