TN:
SF:code\model\goal.ts
FN:13,(anonymous_0)
FN:27,(anonymous_1)
FN:35,(anonymous_2)
FNF:3
FNH:3
FNDA:205,(anonymous_0)
FNDA:321,(anonymous_1)
FNDA:3,(anonymous_2)
DA:1,1
DA:14,205
DA:15,205
DA:16,205
DA:17,205
DA:18,205
DA:19,205
DA:20,205
DA:21,205
DA:22,205
DA:23,205
DA:28,321
DA:29,210
DA:30,210
DA:36,3
DA:37,3
LF:16
LH:16
BRDA:13,0,0,1
BRDA:28,1,0,210
BRDA:36,2,0,3
BRDA:36,3,0,3
BRDA:36,3,1,1
BRF:5
BRH:5
end_of_record
TN:
SF:code\model\triathlon.ts
FN:7,(anonymous_0)
FN:13,(anonymous_1)
FN:29,(anonymous_2)
FN:31,(anonymous_3)
FN:45,(anonymous_4)
FN:52,(anonymous_5)
FN:57,(anonymous_6)
FN:63,(anonymous_7)
FN:68,(anonymous_8)
FN:72,(anonymous_9)
FN:77,(anonymous_10)
FN:81,(anonymous_11)
FNF:12
FNH:12
FNDA:75,(anonymous_0)
FNDA:75,(anonymous_1)
FNDA:4,(anonymous_2)
FNDA:3,(anonymous_3)
FNDA:1,(anonymous_4)
FNDA:2,(anonymous_5)
FNDA:1,(anonymous_6)
FNDA:1,(anonymous_7)
FNDA:2,(anonymous_8)
FNDA:1,(anonymous_9)
FNDA:2,(anonymous_10)
FNDA:1,(anonymous_11)
DA:1,1
DA:3,1
DA:8,75
DA:9,75
DA:14,75
DA:15,74
DA:16,74
DA:17,74
DA:18,74
DA:19,74
DA:20,74
DA:21,74
DA:22,74
DA:24,1
DA:30,4
DA:31,4
DA:32,4
DA:33,1
DA:35,3
DA:36,3
DA:37,3
DA:38,3
DA:40,1
DA:41,1
DA:47,1
DA:48,1
DA:53,2
DA:58,1
DA:60,1
DA:61,1
DA:63,1
DA:64,1
DA:65,1
DA:66,1
DA:67,1
DA:68,1
DA:69,2
DA:72,1
DA:73,1
DA:76,1
DA:77,1
DA:78,2
DA:81,1
DA:82,1
DA:85,1
LF:45
LH:45
BRDA:14,0,0,74
BRDA:14,0,1,1
BRDA:14,1,0,75
BRDA:14,1,1,74
BRDA:32,2,0,1
BRDA:60,3,0,1
BRF:6
BRH:6
end_of_record
TN:
SF:code\model\user.ts
FN:16,(anonymous_0)
FN:30,(anonymous_1)
FN:50,(anonymous_2)
FN:52,(anonymous_3)
FN:69,(anonymous_4)
FN:71,(anonymous_5)
FN:90,(anonymous_6)
FN:91,(anonymous_7)
FN:96,(anonymous_8)
FN:98,(anonymous_9)
FN:104,(anonymous_10)
FN:108,(anonymous_11)
FN:113,(anonymous_12)
FN:124,(anonymous_13)
FN:128,(anonymous_14)
FN:131,(anonymous_15)
FN:134,(anonymous_16)
FN:152,(anonymous_17)
FN:163,(anonymous_18)
FN:171,(anonymous_19)
FN:173,(anonymous_20)
FN:187,(anonymous_21)
FN:188,(anonymous_22)
FN:192,(anonymous_23)
FN:194,(anonymous_24)
FN:215,(anonymous_25)
FN:217,(anonymous_26)
FN:223,(anonymous_27)
FN:227,(anonymous_28)
FN:232,(anonymous_29)
FN:242,(anonymous_30)
FN:244,(anonymous_31)
FN:259,(anonymous_32)
FN:268,(anonymous_33)
FN:272,(anonymous_34)
FN:273,(anonymous_35)
FN:278,(anonymous_36)
FN:298,(anonymous_37)
FN:309,(anonymous_38)
FN:315,(anonymous_39)
FNF:40
FNH:40
FNDA:75,(anonymous_0)
FNDA:300,(anonymous_1)
FNDA:13,(anonymous_2)
FNDA:12,(anonymous_3)
FNDA:12,(anonymous_4)
FNDA:14,(anonymous_5)
FNDA:1,(anonymous_6)
FNDA:1,(anonymous_7)
FNDA:18,(anonymous_8)
FNDA:19,(anonymous_9)
FNDA:7,(anonymous_10)
FNDA:7,(anonymous_11)
FNDA:7,(anonymous_12)
FNDA:6,(anonymous_13)
FNDA:18,(anonymous_14)
FNDA:27,(anonymous_15)
FNDA:27,(anonymous_16)
FNDA:3,(anonymous_17)
FNDA:204,(anonymous_18)
FNDA:4,(anonymous_19)
FNDA:3,(anonymous_20)
FNDA:2,(anonymous_21)
FNDA:4,(anonymous_22)
FNDA:9,(anonymous_23)
FNDA:11,(anonymous_24)
FNDA:8,(anonymous_25)
FNDA:9,(anonymous_26)
FNDA:5,(anonymous_27)
FNDA:5,(anonymous_28)
FNDA:5,(anonymous_29)
FNDA:2,(anonymous_30)
FNDA:5,(anonymous_31)
FNDA:6,(anonymous_32)
FNDA:88,(anonymous_33)
FNDA:4,(anonymous_34)
FNDA:72,(anonymous_35)
FNDA:5,(anonymous_36)
FNDA:2,(anonymous_37)
FNDA:1,(anonymous_38)
FNDA:1,(anonymous_39)
DA:2,1
DA:3,1
DA:5,1
DA:17,75
DA:18,75
DA:19,75
DA:20,75
DA:21,75
DA:22,75
DA:23,75
DA:24,75
DA:25,75
DA:31,300
DA:32,300
DA:33,299
DA:34,299
DA:35,299
DA:36,321
DA:38,299
DA:39,299
DA:41,1
DA:44,1
DA:45,1
DA:51,13
DA:52,13
DA:53,13
DA:54,1
DA:56,12
DA:57,12
DA:58,12
DA:59,12
DA:62,1
DA:63,1
DA:70,12
DA:71,14
DA:72,12
DA:73,1
DA:75,11
DA:76,11
DA:77,11
DA:78,11
DA:79,11
DA:80,11
DA:81,11
DA:82,11
DA:85,1
DA:86,1
DA:91,1
DA:97,18
DA:98,19
DA:99,18
DA:100,1
DA:102,17
DA:103,17
DA:104,17
DA:105,7
DA:107,17
DA:108,17
DA:109,17
DA:110,11
DA:112,6
DA:113,7
DA:114,6
DA:117,12
DA:118,12
DA:125,6
DA:126,6
DA:127,6
DA:128,18
DA:130,6
DA:131,27
DA:133,6
DA:134,27
DA:136,6
DA:137,1
DA:139,5
DA:140,24
DA:142,5
DA:143,5
DA:146,1
DA:147,1
DA:153,3
DA:154,3
DA:155,1
DA:157,2
DA:159,3
DA:164,204
DA:165,204
DA:166,204
DA:167,204
DA:172,4
DA:173,4
DA:174,4
DA:175,1
DA:177,3
DA:178,3
DA:179,3
DA:180,3
DA:182,1
DA:183,1
DA:188,4
DA:193,9
DA:194,11
DA:195,9
DA:196,1
DA:198,8
DA:199,8
DA:200,8
DA:201,8
DA:202,8
DA:203,8
DA:204,8
DA:205,8
DA:206,8
DA:209,1
DA:210,1
DA:216,8
DA:217,9
DA:218,8
DA:219,1
DA:221,7
DA:222,7
DA:223,7
DA:224,5
DA:226,7
DA:227,7
DA:228,7
DA:229,3
DA:231,4
DA:232,5
DA:233,4
DA:236,4
DA:237,4
DA:243,2
DA:244,5
DA:245,2
DA:246,1
DA:248,1
DA:249,1
DA:250,1
DA:251,1
DA:253,1
DA:254,1
DA:260,6
DA:261,6
DA:262,2
DA:263,4
DA:264,3
DA:266,1
DA:268,88
DA:273,72
DA:279,5
DA:280,5
DA:281,3
DA:282,27
DA:283,21
DA:287,5
DA:288,3
DA:289,24
DA:290,15
DA:294,5
DA:299,2
DA:300,2
DA:301,18
DA:302,4
DA:305,2
DA:310,1
DA:311,1
DA:316,1
DA:317,1
LF:170
LH:170
BRDA:30,0,0,50
BRDA:32,1,0,299
BRDA:32,1,1,1
BRDA:32,2,0,300
BRDA:32,2,1,234
BRDA:32,2,2,115
BRDA:53,3,0,1
BRDA:53,3,1,12
BRDA:69,4,0,3
BRDA:72,5,0,1
BRDA:99,6,0,1
BRDA:108,7,0,7
BRDA:108,7,1,7
BRDA:109,8,0,11
BRDA:109,8,1,6
BRDA:113,9,0,7
BRDA:113,9,1,7
BRDA:127,10,0,3
BRDA:130,11,0,4
BRDA:133,12,0,4
BRDA:136,13,0,1
BRDA:154,14,0,1
BRDA:154,14,1,2
BRDA:163,15,0,25
BRDA:174,16,0,1
BRDA:192,17,0,1
BRDA:195,18,0,1
BRDA:218,19,0,1
BRDA:227,20,0,5
BRDA:227,20,1,5
BRDA:228,21,0,3
BRDA:228,21,1,4
BRDA:232,22,0,5
BRDA:232,22,1,5
BRDA:245,23,0,1
BRDA:261,24,0,2
BRDA:261,24,1,4
BRDA:263,25,0,3
BRDA:263,25,1,1
BRDA:278,26,0,1
BRDA:278,27,0,1
BRDA:280,28,0,3
BRDA:282,29,0,21
BRDA:282,30,0,27
BRDA:282,30,1,27
BRDA:287,31,0,3
BRDA:289,32,0,15
BRDA:289,33,0,24
BRDA:289,33,1,23
BRDA:301,34,0,4
BRDA:301,35,0,18
BRDA:301,35,1,6
BRF:52
BRH:52
end_of_record
TN:
SF:code\model\workout.ts
FN:8,(anonymous_0)
FNF:1
FNH:1
FNDA:300,(anonymous_0)
DA:1,1
DA:9,300
DA:10,300
DA:11,300
DA:12,300
LF:5
LH:5
BRDA:8,0,0,1
BRF:1
BRH:1
end_of_record
